folioreader/build/outputs/logs/manifest-merger-debug-report.txt
-- Merging decision tree log ---
manifest
ADDED from EsydigiNew\folioreader\AndroidManifest.xml:2:1-44:12
INJECTED from EsydigiNew\folioreader\AndroidManifest.xml:2:1-44:12
INJECTED from EsydigiNew\folioreader\AndroidManifest.xml:2:1-44:12
INJECTED from EsydigiNew\folioreader\AndroidManifest.xml:2:1-44:12
INJECTED from EsydigiNew\folioreader\AndroidManifest.xml:2:1-44:12
INJECTED from EsydigiNew\folioreader\AndroidManifest.xml:2:1-44:12
INJECTED from EsydigiNew\folioreader\AndroidManifest.xml:2:1-44:12
	package
		ADDED from EsydigiNew\folioreader\AndroidManifest.xml:4:5-30
		INJECTED from EsydigiNew\folioreader\AndroidManifest.xml
		INJECTED from EsydigiNew\folioreader\AndroidManifest.xml
	android:versionName
		INJECTED from EsydigiNew\folioreader\AndroidManifest.xml
		ADDED from EsydigiNew\folioreader\AndroidManifest.xml:2:1-44:12
		INJECTED from EsydigiNew\folioreader\AndroidManifest.xml
	xmlns:tools
		ADDED from EsydigiNew\folioreader\AndroidManifest.xml:3:5-51
	android:versionCode
		INJECTED from EsydigiNew\folioreader\AndroidManifest.xml
		ADDED from EsydigiNew\folioreader\AndroidManifest.xml:2:1-44:12
		INJECTED from EsydigiNew\folioreader\AndroidManifest.xml
	xmlns:android
		ADDED from EsydigiNew\folioreader\AndroidManifest.xml:2:11-69
uses-permission#android.permission.WRITE_EXTERNAL_STORAGE
ADDED from EsydigiNew\folioreader\AndroidManifest.xml:6:5-81
	android:name
		ADDED from EsydigiNew\folioreader\AndroidManifest.xml:6:22-78
uses-permission#android.permission.INTERNET
ADDED from EsydigiNew\folioreader\AndroidManifest.xml:7:5-67
	android:name
		ADDED from EsydigiNew\folioreader\AndroidManifest.xml:7:22-64
uses-sdk
ADDED from EsydigiNew\folioreader\AndroidManifest.xml:9:5-88
INJECTED from EsydigiNew\folioreader\AndroidManifest.xml:9:5-88
INJECTED from EsydigiNew\folioreader\AndroidManifest.xml:9:5-88
INJECTED from EsydigiNew\folioreader\AndroidManifest.xml:9:5-88
INJECTED from EsydigiNew\folioreader\AndroidManifest.xml:9:5-88
	tools:overrideLibrary
		ADDED from EsydigiNew\folioreader\AndroidManifest.xml:9:15-85
	android:targetSdkVersion
		INJECTED from EsydigiNew\folioreader\AndroidManifest.xml
		ADDED from EsydigiNew\folioreader\AndroidManifest.xml:9:5-88
		INJECTED from EsydigiNew\folioreader\AndroidManifest.xml
	android:minSdkVersion
		INJECTED from EsydigiNew\folioreader\AndroidManifest.xml
		ADDED from EsydigiNew\folioreader\AndroidManifest.xml:9:5-88
		INJECTED from EsydigiNew\folioreader\AndroidManifest.xml
application
ADDED from EsydigiNew\folioreader\AndroidManifest.xml:11:5-42:19
	android:allowBackup
		ADDED from EsydigiNew\folioreader\AndroidManifest.xml:12:9-35
	android:networkSecurityConfig
		ADDED from EsydigiNew\folioreader\AndroidManifest.xml:13:9-69
	tools:replace
		ADDED from EsydigiNew\folioreader\AndroidManifest.xml:14:9-44
provider#com.folioreader.AppContext
ADDED from EsydigiNew\folioreader\AndroidManifest.xml:16:9-19:40
	android:authorities
		ADDED from EsydigiNew\folioreader\AndroidManifest.xml:18:13-71
	android:exported
		ADDED from EsydigiNew\folioreader\AndroidManifest.xml:19:13-37
	android:name
		ADDED from EsydigiNew\folioreader\AndroidManifest.xml:17:13-39
activity#com.folioreader.ui.activity.FolioActivity
ADDED from EsydigiNew\folioreader\AndroidManifest.xml:21:9-25:60
	android:label
		ADDED from EsydigiNew\folioreader\AndroidManifest.xml:23:13-45
	android:configChanges
		ADDED from EsydigiNew\folioreader\AndroidManifest.xml:24:13-74
	android:theme
		ADDED from EsydigiNew\folioreader\AndroidManifest.xml:25:13-57
	android:name
		ADDED from EsydigiNew\folioreader\AndroidManifest.xml:22:13-69
activity#com.folioreader.ui.activity.ContentHighlightActivity
ADDED from EsydigiNew\folioreader\AndroidManifest.xml:27:9-29:59
	android:theme
		ADDED from EsydigiNew\folioreader\AndroidManifest.xml:29:13-56
	android:name
		ADDED from EsydigiNew\folioreader\AndroidManifest.xml:28:13-80
activity#com.folioreader.ui.activity.SearchActivity
ADDED from EsydigiNew\folioreader\AndroidManifest.xml:31:9-40:20
	android:launchMode
		ADDED from EsydigiNew\folioreader\AndroidManifest.xml:33:13-43
	android:name
		ADDED from EsydigiNew\folioreader\AndroidManifest.xml:32:13-70
intent-filter#action:name:android.intent.action.SEARCH
ADDED from EsydigiNew\folioreader\AndroidManifest.xml:34:13-36:29
action#android.intent.action.SEARCH
ADDED from EsydigiNew\folioreader\AndroidManifest.xml:35:17-71
	android:name
		ADDED from EsydigiNew\folioreader\AndroidManifest.xml:35:25-68
meta-data#android.app.searchable
ADDED from EsydigiNew\folioreader\AndroidManifest.xml:37:13-39:54
	android:resource
		ADDED from EsydigiNew\folioreader\AndroidManifest.xml:39:17-51
	android:name
		ADDED from EsydigiNew\folioreader\AndroidManifest.xml:38:17-54